<?xml version="1.0" encoding="UTF-8"?>
<!-- Generated by org.testng.reporters.JUnitReportReporter -->
<testsuite skipped="0" hostname="DESKTOP-P2G0985" name="API_Test" tests="4" failures="0" timestamp="14 Jul 2018 14:35:15 GMT" time="28.763" errors="0">
  <testcase name="createNewCountry" time="1.226" classname="API_Test"/>
  <testcase name="RetrieveWrongCountryCode" time="6.417" classname="API_Test"/>
  <testcase name="GetAllCountryCodes" time="11.875" classname="API_Test"/>
  <testcase name="GetSingleCountryCode" time="9.245" classname="API_Test"/>
</testsuite> <!-- API_Test -->
